<?xml version="1.0" encoding="UTF-8"?>
<robot generator="Robot 7.2.2 (Python 3.13.2 on win32)" generated="2025-09-08T11:48:07.491224" rpa="false" schemaversion="5">
<suite id="s1" name="Project-Robot" source="C:\Users\thais.regina.santos\OneDrive - Accenture\Documents\GitHub\project-robot">
<suite id="s1-s1" name="Tests" source="C:\Users\thais.regina.santos\OneDrive - Accenture\Documents\GitHub\project-robot\tests">
<suite id="s1-s1-s1" name="Api" source="C:\Users\thais.regina.santos\OneDrive - Accenture\Documents\GitHub\project-robot\tests\api">
<suite id="s1-s1-s1-s1" name="ApiAutomation" source="C:\Users\thais.regina.santos\OneDrive - Accenture\Documents\GitHub\project-robot\tests\api\ApiAutomation.robot">
<test id="s1-s1-s1-s1-t1" name="CN01 - Search CEP With a Valid CEP" line="7">
<kw name="Given Validate Successful API Response for CEP" owner="ValidateCep">
<kw name="Create Sessions API" owner="ValidateCep">
<kw name="Create Session" owner="RequestsLibrary">
<msg time="2025-09-08T11:48:12.072263" level="INFO">Creating Session using : alias=api_session, url=https://viacep.com.br, headers={},                     cookies={}, auth=None, timeout=None, proxies=None, verify=False,                     debug=0 </msg>
<arg>api_session</arg>
<arg>${base_url}</arg>
<doc>Create Session: create a HTTP session to a server</doc>
<status status="PASS" start="2025-09-08T11:48:12.071611" elapsed="0.002213"/>
</kw>
<kw name="Log" owner="BuiltIn">
<msg time="2025-09-08T11:48:12.075592" level="INFO">Sessao criada com sucesso.</msg>
<arg>Sessao criada com sucesso.</arg>
<doc>Logs the given message with the given level.</doc>
<status status="PASS" start="2025-09-08T11:48:12.074601" elapsed="0.001541"/>
</kw>
<arg>${BASE_URL}</arg>
<doc>Criar a sessao para a API</doc>
<status status="PASS" start="2025-09-08T11:48:12.070643" elapsed="0.005800"/>
</kw>
<kw name="GET On Session" owner="RequestsLibrary">
<msg time="2025-09-08T11:48:15.538365" level="INFO">GET Request : url=https://viacep.com.br/ws/20040002/json/ 
 path_url=/ws/20040002/json/ 
 headers={'User-Agent': 'python-requests/2.32.3', 'Accept-Encoding': 'gzip, deflate, zstd', 'Accept': '*/*', 'Connection': 'keep-alive'} 
 body=None 
 </msg>
<msg time="2025-09-08T11:48:15.538914" level="INFO">GET Response : url=https://viacep.com.br/ws/20040002/json/ 
 status=200, reason=OK 
 headers={'Server': 'nginx/1.22.0', 'Date': 'Mon, 08 Sep 2025 14:48:15 GMT', 'Content-Type': 'application/json; charset=utf-8', 'Transfer-Encoding': 'chunked', 'Connection': 'keep-alive', 'Expires': 'Mon, 08 Sep 2025 15:48:15 GMT', 'Cache-Control': 'max-age=3600, public', 'Pragma': 'public', 'Access-Control-Allow-Origin': '*', 'Access-Control-Allow-Methods': 'GET', 'Access-Control-Allow-Headers': 'Content-Type, X-Request-With, X-Requested-By', 'Access-Control-Allow-Credentials': 'true', 'Access-Control-Max-Age': '86400'} 
 body={
  "cep": "20040-002",
  "logradouro": "Avenida Rio Branco",
  "complemento": "de 128 a 144 - lado par",
  "unidade": "",
  "bairro": "Centro",
  "localidade": "Rio de Janeiro",
  "uf": "RJ",
  "estado": "Rio de Janeiro",
  "regiao": "Sudeste",
  "ibge": "3304557",
  "gia": "",
  "ddd": "21",
  "siafi": "6001"
} 
 </msg>
<msg time="2025-09-08T11:48:15.539540" level="INFO">C:\Python\Lib\site-packages\urllib3\connectionpool.py:1097: InsecureRequestWarning: Unverified HTTPS request is being made to host 'viacep.com.br'. Adding certificate verification is strongly advised. See: https://urllib3.readthedocs.io/en/latest/advanced-usage.html#tls-warnings
  warnings.warn(</msg>
<msg time="2025-09-08T11:48:15.542460" level="INFO">${response} = &lt;Response [200]&gt;</msg>
<var>${response}</var>
<arg>api_session</arg>
<arg>/ws/${valid_cep}/json/</arg>
<doc>Sends a GET request on a previously created HTTP Session.</doc>
<status status="PASS" start="2025-09-08T11:48:12.076751" elapsed="3.466251"/>
</kw>
<kw name="Log" owner="BuiltIn">
<msg time="2025-09-08T11:48:15.544826" level="INFO">Status code: 200</msg>
<arg>Status code: ${response.status_code}</arg>
<doc>Logs the given message with the given level.</doc>
<status status="PASS" start="2025-09-08T11:48:15.543504" elapsed="0.001694"/>
</kw>
<kw name="Log" owner="BuiltIn">
<msg time="2025-09-08T11:48:15.546853" level="INFO">Resposta: {
  "cep": "20040-002",
  "logradouro": "Avenida Rio Branco",
  "complemento": "de 128 a 144 - lado par",
  "unidade": "",
  "bairro": "Centro",
  "localidade": "Rio de Janeiro",
  "uf": "RJ",
  "estado": "Rio de Janeiro",
  "regiao": "Sudeste",
  "ibge": "3304557",
  "gia": "",
  "ddd": "21",
  "siafi": "6001"
}</msg>
<arg>Resposta: ${response.text}</arg>
<doc>Logs the given message with the given level.</doc>
<status status="PASS" start="2025-09-08T11:48:15.545539" elapsed="0.001696"/>
</kw>
<kw name="Return From Keyword" owner="BuiltIn">
<msg time="2025-09-08T11:48:15.548434" level="INFO">Returning from the enclosing user keyword.</msg>
<arg>${response}</arg>
<doc>Returns from the enclosing user keyword.</doc>
<status status="PASS" start="2025-09-08T11:48:15.547671" elapsed="0.001117"/>
</kw>
<msg time="2025-09-08T11:48:15.549147" level="INFO">${response} = &lt;Response [200]&gt;</msg>
<var>${response}</var>
<arg>${VALID_CEP}</arg>
<doc>Validar a resposta bem-sucedida da API para um CEP válido.</doc>
<status status="PASS" start="2025-09-08T11:48:12.067391" elapsed="3.482034"/>
</kw>
<kw name="When Validate Response Status Code" owner="ValidateCep">
<kw name="Should Be Equal As Integers" owner="BuiltIn">
<msg time="2025-09-08T11:48:15.571373" level="INFO">Argument types are:
&lt;class 'int'&gt;
&lt;class 'str'&gt;</msg>
<arg>${response.status_code}</arg>
<arg>${expected_status_code}</arg>
<doc>Fails if objects are unequal after converting them to integers.</doc>
<status status="PASS" start="2025-09-08T11:48:15.570065" elapsed="0.002000"/>
</kw>
<arg>${response}</arg>
<arg>200</arg>
<doc>Validar o status code da resposta da API.</doc>
<status status="PASS" start="2025-09-08T11:48:15.566900" elapsed="0.005573"/>
</kw>
<kw name="Then Validate If Cep Is Valid" owner="ValidateCep">
<kw name="Get From Dictionary" owner="Collections">
<msg time="2025-09-08T11:48:15.593078" level="INFO">${response_json} = 20040-002</msg>
<var>${response_json}</var>
<arg>${response.json()}</arg>
<arg>cep</arg>
<doc>Returns a value from the given ``dictionary`` based on the given ``key``.</doc>
<status status="PASS" start="2025-09-08T11:48:15.591549" elapsed="0.002070"/>
</kw>
<kw name="Remove Hifen From CEP" owner="ValidateCep">
<kw name="Replace String" owner="String">
<msg time="2025-09-08T11:48:15.596231" level="INFO">${cep_json} = 20040002</msg>
<var>${cep_json}</var>
<arg>${cep}</arg>
<arg>-</arg>
<arg>${EMPTY}</arg>
<doc>Replaces ``search_for`` in the given ``string`` with ``replace_with``.</doc>
<status status="PASS" start="2025-09-08T11:48:15.594968" elapsed="0.001658"/>
</kw>
<kw name="Return From Keyword" owner="BuiltIn">
<msg time="2025-09-08T11:48:15.597596" level="INFO">Returning from the enclosing user keyword.</msg>
<arg>${cep_json}</arg>
<doc>Returns from the enclosing user keyword.</doc>
<status status="PASS" start="2025-09-08T11:48:15.596992" elapsed="0.001145"/>
</kw>
<msg time="2025-09-08T11:48:15.598507" level="INFO">${response_json} = 20040002</msg>
<var>${response_json}</var>
<arg>${response_json}</arg>
<doc>Remover o hífen do CEP, se presente.</doc>
<status status="PASS" start="2025-09-08T11:48:15.594043" elapsed="0.004707"/>
</kw>
<kw name="Should Be Equal" owner="BuiltIn">
<arg>${response_json}</arg>
<arg>${expected_cep}</arg>
<doc>Fails if the given objects are unequal.</doc>
<status status="PASS" start="2025-09-08T11:48:15.599063" elapsed="0.000730"/>
</kw>
<kw name="Log" owner="BuiltIn">
<msg time="2025-09-08T11:48:15.600590" level="INFO">CEP válido.</msg>
<arg>CEP válido.</arg>
<doc>Logs the given message with the given level.</doc>
<status status="PASS" start="2025-09-08T11:48:15.600045" elapsed="0.000834"/>
</kw>
<arg>${response}</arg>
<arg>${VALID_CEP}</arg>
<doc>Validar se o CEP é válido.</doc>
<status status="PASS" start="2025-09-08T11:48:15.587533" elapsed="0.013556"/>
</kw>
<doc>Teste para buscar um CEP válido e validar a resposta da API.</doc>
<status status="PASS" start="2025-09-08T11:48:12.050450" elapsed="3.570037"/>
</test>
<test id="s1-s1-s1-s1-t2" name="CN02 - Search CEP With an Invalid CEP (Special Characters)" line="13">
<kw name="Given Validate API Response for CEP Variations" owner="ValidateCep">
<kw name="Create Sessions API" owner="ValidateCep">
<kw name="Create Session" owner="RequestsLibrary">
<msg time="2025-09-08T11:48:15.643477" level="INFO">Creating Session using : alias=api_session, url=https://viacep.com.br, headers={},                     cookies={}, auth=None, timeout=None, proxies=None, verify=False,                     debug=0 </msg>
<arg>api_session</arg>
<arg>${base_url}</arg>
<doc>Create Session: create a HTTP session to a server</doc>
<status status="PASS" start="2025-09-08T11:48:15.642613" elapsed="0.001706"/>
</kw>
<kw name="Log" owner="BuiltIn">
<msg time="2025-09-08T11:48:15.645303" level="INFO">Sessao criada com sucesso.</msg>
<arg>Sessao criada com sucesso.</arg>
<doc>Logs the given message with the given level.</doc>
<status status="PASS" start="2025-09-08T11:48:15.644669" elapsed="0.001143"/>
</kw>
<arg>${BASE_URL}</arg>
<doc>Criar a sessao para a API</doc>
<status status="PASS" start="2025-09-08T11:48:15.641479" elapsed="0.004574"/>
</kw>
<kw name="Run Keyword And Ignore Error" owner="BuiltIn">
<kw name="GET On Session" owner="RequestsLibrary">
<msg time="2025-09-08T11:48:16.408307" level="INFO">GET Request : url=https://viacep.com.br/ws/2004@002/json/ 
 path_url=/ws/2004@002/json/ 
 headers={'User-Agent': 'python-requests/2.32.3', 'Accept-Encoding': 'gzip, deflate, zstd', 'Accept': '*/*', 'Connection': 'keep-alive'} 
 body=None 
 </msg>
<msg time="2025-09-08T11:48:16.408740" level="INFO">GET Response : url=https://viacep.com.br/ws/2004@002/json/ 
 status=400, reason=Bad Request 
 headers={'Server': 'nginx/1.22.0', 'Date': 'Mon, 08 Sep 2025 14:48:16 GMT', 'Content-Type': 'text/html; charset=utf-8', 'Content-Length': '494', 'Connection': 'close', 'ETag': '"6242f812-1ee"', 'Strict-Transport-Security': 'max-age=63072000'} 
 body=&lt;!DOCTYPE HTML&gt;
&lt;html lang="pt-br"&gt;

&lt;head&gt;
  &lt;title&gt;ViaCEP 400&lt;/title&gt;
  &lt;meta charset="utf-8" /&gt;
  &lt;style type="text/css"&gt;
      h1 {
          color: #555;
          text-align: center;
          font-size: 4em;
      }
      h2, h3 {
          color: #666;
          text-align: center;
          font-size: 3em;
      }
      h3 {
          font-size: 1.5em;
      }
  &lt;/style&gt;
&lt;/head&gt;

&lt;body&gt;
    &lt;h1&gt;Http 400&lt;/h1&gt;
    &lt;h3&gt;Verifique a URL&lt;/h3&gt;
    &lt;h3&gt;{Bad Request}&lt;/h3&gt;
&lt;/body&gt;

&lt;/html&gt;
 
 </msg>
<msg time="2025-09-08T11:48:16.409205" level="INFO">C:\Python\Lib\site-packages\urllib3\connectionpool.py:1097: InsecureRequestWarning: Unverified HTTPS request is being made to host 'viacep.com.br'. Adding certificate verification is strongly advised. See: https://urllib3.readthedocs.io/en/latest/advanced-usage.html#tls-warnings
  warnings.warn(</msg>
<msg time="2025-09-08T11:48:16.421454" level="FAIL">HTTPError: 400 Client Error: Bad Request for url: https://viacep.com.br/ws/2004@002/json/</msg>
<arg>api_session</arg>
<arg>/ws/${invalid_cep}/json/</arg>
<doc>Sends a GET request on a previously created HTTP Session.</doc>
<status status="FAIL" start="2025-09-08T11:48:15.647048" elapsed="0.785316">HTTPError: 400 Client Error: Bad Request for url: https://viacep.com.br/ws/2004@002/json/</status>
</kw>
<msg time="2025-09-08T11:48:16.432737" level="INFO">${response} = ('FAIL', 'HTTPError: 400 Client Error: Bad Request for url: https://viacep.com.br/ws/2004@002/json/')</msg>
<var>${response}</var>
<arg>Get On Session</arg>
<arg>api_session</arg>
<arg>/ws/${invalid_cep}/json/</arg>
<doc>Runs the given keyword with the given arguments and ignores possible error.</doc>
<status status="PASS" start="2025-09-08T11:48:15.646335" elapsed="0.786905"/>
</kw>
<kw name="Log" owner="BuiltIn">
<msg time="2025-09-08T11:48:16.434442" level="INFO">Status code: 404 FAIL</msg>
<arg>Status code: 404 ${response}[0]</arg>
<doc>Logs the given message with the given level.</doc>
<status status="PASS" start="2025-09-08T11:48:16.433619" elapsed="0.001863"/>
</kw>
<kw name="Log" owner="BuiltIn">
<msg time="2025-09-08T11:48:16.436836" level="INFO">Resposta: HTTPError: 400 Client Error: Bad Request for url: https://viacep.com.br/ws/2004@002/json/</msg>
<arg>Resposta: ${response}[1]</arg>
<doc>Logs the given message with the given level.</doc>
<status status="PASS" start="2025-09-08T11:48:16.436046" elapsed="0.001204"/>
</kw>
<kw name="Run Keyword If" owner="BuiltIn">
<kw name="Log" owner="BuiltIn">
<msg time="2025-09-08T11:48:16.439617" level="WARN">CEP inválido ou caracteres especiais: 2004@002</msg>
<arg>CEP inválido ou caracteres especiais: ${invalid_cep}</arg>
<arg>WARN</arg>
<doc>Logs the given message with the given level.</doc>
<status status="PASS" start="2025-09-08T11:48:16.438756" elapsed="0.024074"/>
</kw>
<arg>'${response}[0]'=='FAIL'</arg>
<arg>Log</arg>
<arg>CEP inválido ou caracteres especiais: ${invalid_cep}</arg>
<arg>WARN</arg>
<doc>Runs the given keyword with the given arguments, if ``condition`` is true.</doc>
<status status="PASS" start="2025-09-08T11:48:16.437588" elapsed="0.025703"/>
</kw>
<kw name="Run Keyword If" owner="BuiltIn">
<arg>'${response}[0]'=='SUCCESS'</arg>
<arg>Log</arg>
<arg>CEP válido mas nao encontrado: ${invalid_cep}</arg>
<doc>Runs the given keyword with the given arguments, if ``condition`` is true.</doc>
<status status="PASS" start="2025-09-08T11:48:16.463616" elapsed="0.000732"/>
</kw>
<kw name="Return From Keyword" owner="BuiltIn">
<msg time="2025-09-08T11:48:16.465100" level="INFO">Returning from the enclosing user keyword.</msg>
<arg>${response}</arg>
<doc>Returns from the enclosing user keyword.</doc>
<status status="PASS" start="2025-09-08T11:48:16.464652" elapsed="0.001017"/>
</kw>
<msg time="2025-09-08T11:48:16.466215" level="INFO">${response} = ('FAIL', 'HTTPError: 400 Client Error: Bad Request for url: https://viacep.com.br/ws/2004@002/json/')</msg>
<var>${response}</var>
<arg>${INVALID_CEP_SPECIAL_CHAR}</arg>
<doc>Validar a resposta da API para variações de CEP inválidos.</doc>
<status status="PASS" start="2025-09-08T11:48:15.638725" elapsed="0.827897"/>
</kw>
<kw name="Then Validate If Cep Is Invalid" owner="ValidateCep">
<kw name="Should Match Regexp" owner="BuiltIn">
<arg>${response}[1]</arg>
<arg>HTTPError: 400 Client Error: Bad Request for url.*</arg>
<doc>Fails if ``string`` does not match ``pattern`` as a regular expression.</doc>
<status status="PASS" start="2025-09-08T11:48:16.475756" elapsed="0.000825"/>
</kw>
<kw name="Log" owner="BuiltIn">
<msg time="2025-09-08T11:48:16.477294" level="INFO">CEP em formato inválido.</msg>
<arg>CEP em formato inválido.</arg>
<doc>Logs the given message with the given level.</doc>
<status status="PASS" start="2025-09-08T11:48:16.476847" elapsed="0.000816"/>
</kw>
<arg>${response}</arg>
<doc>Validar se o CEP é inválido.</doc>
<status status="PASS" start="2025-09-08T11:48:16.471892" elapsed="0.006149"/>
</kw>
<doc>Teste para buscar um CEP inválido com caracteres especiais e validar a resposta da API.</doc>
<status status="PASS" start="2025-09-08T11:48:15.631437" elapsed="0.867913"/>
</test>
<test id="s1-s1-s1-s1-t3" name="CN03 - Search CEP With an Invalid CEP (Spaces)" line="18">
<kw name="Given Validate API Response for CEP Variations" owner="ValidateCep">
<kw name="Create Sessions API" owner="ValidateCep">
<kw name="Create Session" owner="RequestsLibrary">
<msg time="2025-09-08T11:48:16.545304" level="INFO">Creating Session using : alias=api_session, url=https://viacep.com.br, headers={},                     cookies={}, auth=None, timeout=None, proxies=None, verify=False,                     debug=0 </msg>
<arg>api_session</arg>
<arg>${base_url}</arg>
<doc>Create Session: create a HTTP session to a server</doc>
<status status="PASS" start="2025-09-08T11:48:16.544746" elapsed="0.001028"/>
</kw>
<kw name="Log" owner="BuiltIn">
<msg time="2025-09-08T11:48:16.546936" level="INFO">Sessao criada com sucesso.</msg>
<arg>Sessao criada com sucesso.</arg>
<doc>Logs the given message with the given level.</doc>
<status status="PASS" start="2025-09-08T11:48:16.546352" elapsed="0.000999"/>
</kw>
<arg>${BASE_URL}</arg>
<doc>Criar a sessao para a API</doc>
<status status="PASS" start="2025-09-08T11:48:16.543878" elapsed="0.003680"/>
</kw>
<kw name="Run Keyword And Ignore Error" owner="BuiltIn">
<kw name="GET On Session" owner="RequestsLibrary">
<msg time="2025-09-08T11:48:17.090691" level="INFO">GET Request : url=https://viacep.com.br/ws/123%2045678/json/ 
 path_url=/ws/123%2045678/json/ 
 headers={'User-Agent': 'python-requests/2.32.3', 'Accept-Encoding': 'gzip, deflate, zstd', 'Accept': '*/*', 'Connection': 'keep-alive'} 
 body=None 
 </msg>
<msg time="2025-09-08T11:48:17.091098" level="INFO">GET Response : url=https://viacep.com.br/ws/123%2045678/json/ 
 status=400, reason=Bad Request 
 headers={'Server': 'nginx/1.22.0', 'Date': 'Mon, 08 Sep 2025 14:48:17 GMT', 'Content-Type': 'text/html; charset=utf-8', 'Content-Length': '494', 'Connection': 'close', 'ETag': '"6242f812-1ee"', 'Strict-Transport-Security': 'max-age=63072000'} 
 body=&lt;!DOCTYPE HTML&gt;
&lt;html lang="pt-br"&gt;

&lt;head&gt;
  &lt;title&gt;ViaCEP 400&lt;/title&gt;
  &lt;meta charset="utf-8" /&gt;
  &lt;style type="text/css"&gt;
      h1 {
          color: #555;
          text-align: center;
          font-size: 4em;
      }
      h2, h3 {
          color: #666;
          text-align: center;
          font-size: 3em;
      }
      h3 {
          font-size: 1.5em;
      }
  &lt;/style&gt;
&lt;/head&gt;

&lt;body&gt;
    &lt;h1&gt;Http 400&lt;/h1&gt;
    &lt;h3&gt;Verifique a URL&lt;/h3&gt;
    &lt;h3&gt;{Bad Request}&lt;/h3&gt;
&lt;/body&gt;

&lt;/html&gt;
 
 </msg>
<msg time="2025-09-08T11:48:17.092916" level="INFO">C:\Python\Lib\site-packages\urllib3\connectionpool.py:1097: InsecureRequestWarning: Unverified HTTPS request is being made to host 'viacep.com.br'. Adding certificate verification is strongly advised. See: https://urllib3.readthedocs.io/en/latest/advanced-usage.html#tls-warnings
  warnings.warn(</msg>
<msg time="2025-09-08T11:48:17.117575" level="FAIL">HTTPError: 400 Client Error: Bad Request for url: https://viacep.com.br/ws/123%2045678/json/</msg>
<arg>api_session</arg>
<arg>/ws/${invalid_cep}/json/</arg>
<doc>Sends a GET request on a previously created HTTP Session.</doc>
<status status="FAIL" start="2025-09-08T11:48:16.548732" elapsed="0.577267">HTTPError: 400 Client Error: Bad Request for url: https://viacep.com.br/ws/123%2045678/json/</status>
</kw>
<msg time="2025-09-08T11:48:17.126393" level="INFO">${response} = ('FAIL', 'HTTPError: 400 Client Error: Bad Request for url: https://viacep.com.br/ws/123%2045678/json/')</msg>
<var>${response}</var>
<arg>Get On Session</arg>
<arg>api_session</arg>
<arg>/ws/${invalid_cep}/json/</arg>
<doc>Runs the given keyword with the given arguments and ignores possible error.</doc>
<status status="PASS" start="2025-09-08T11:48:16.548012" elapsed="0.578868"/>
</kw>
<kw name="Log" owner="BuiltIn">
<msg time="2025-09-08T11:48:17.128277" level="INFO">Status code: 404 FAIL</msg>
<arg>Status code: 404 ${response}[0]</arg>
<doc>Logs the given message with the given level.</doc>
<status status="PASS" start="2025-09-08T11:48:17.127411" elapsed="0.001282"/>
</kw>
<kw name="Log" owner="BuiltIn">
<msg time="2025-09-08T11:48:17.129595" level="INFO">Resposta: HTTPError: 400 Client Error: Bad Request for url: https://viacep.com.br/ws/123%2045678/json/</msg>
<arg>Resposta: ${response}[1]</arg>
<doc>Logs the given message with the given level.</doc>
<status status="PASS" start="2025-09-08T11:48:17.128982" elapsed="0.001012"/>
</kw>
<kw name="Run Keyword If" owner="BuiltIn">
<kw name="Log" owner="BuiltIn">
<msg time="2025-09-08T11:48:17.131800" level="WARN">CEP inválido ou caracteres especiais: 123 45678</msg>
<arg>CEP inválido ou caracteres especiais: ${invalid_cep}</arg>
<arg>WARN</arg>
<doc>Logs the given message with the given level.</doc>
<status status="PASS" start="2025-09-08T11:48:17.131168" elapsed="0.043703"/>
</kw>
<arg>'${response}[0]'=='FAIL'</arg>
<arg>Log</arg>
<arg>CEP inválido ou caracteres especiais: ${invalid_cep}</arg>
<arg>WARN</arg>
<doc>Runs the given keyword with the given arguments, if ``condition`` is true.</doc>
<status status="PASS" start="2025-09-08T11:48:17.130300" elapsed="0.044854"/>
</kw>
<kw name="Run Keyword If" owner="BuiltIn">
<arg>'${response}[0]'=='SUCCESS'</arg>
<arg>Log</arg>
<arg>CEP válido mas nao encontrado: ${invalid_cep}</arg>
<doc>Runs the given keyword with the given arguments, if ``condition`` is true.</doc>
<status status="PASS" start="2025-09-08T11:48:17.175430" elapsed="0.000722"/>
</kw>
<kw name="Return From Keyword" owner="BuiltIn">
<msg time="2025-09-08T11:48:17.176879" level="INFO">Returning from the enclosing user keyword.</msg>
<arg>${response}</arg>
<doc>Returns from the enclosing user keyword.</doc>
<status status="PASS" start="2025-09-08T11:48:17.176422" elapsed="0.001038"/>
</kw>
<msg time="2025-09-08T11:48:17.177820" level="INFO">${response} = ('FAIL', 'HTTPError: 400 Client Error: Bad Request for url: https://viacep.com.br/ws/123%2045678/json/')</msg>
<var>${response}</var>
<arg>${INVALID_CEP_SPACES}</arg>
<doc>Validar a resposta da API para variações de CEP inválidos.</doc>
<status status="PASS" start="2025-09-08T11:48:16.541403" elapsed="0.636719"/>
</kw>
<kw name="Then Validate If Cep Is Invalid" owner="ValidateCep">
<kw name="Should Match Regexp" owner="BuiltIn">
<arg>${response}[1]</arg>
<arg>HTTPError: 400 Client Error: Bad Request for url.*</arg>
<doc>Fails if ``string`` does not match ``pattern`` as a regular expression.</doc>
<status status="PASS" start="2025-09-08T11:48:17.184583" elapsed="0.000676"/>
</kw>
<kw name="Log" owner="BuiltIn">
<msg time="2025-09-08T11:48:17.186053" level="INFO">CEP em formato inválido.</msg>
<arg>CEP em formato inválido.</arg>
<doc>Logs the given message with the given level.</doc>
<status status="PASS" start="2025-09-08T11:48:17.185550" elapsed="0.001054"/>
</kw>
<arg>${response}</arg>
<doc>Validar se o CEP é inválido.</doc>
<status status="PASS" start="2025-09-08T11:48:17.181237" elapsed="0.005586"/>
</kw>
<doc>Teste para buscar um CEP inválido com espaços e validar a resposta da API.</doc>
<status status="PASS" start="2025-09-08T11:48:16.519562" elapsed="0.672852"/>
</test>
<test id="s1-s1-s1-s1-t4" name="CN04 - Search CEP With an Invalid CEP (Letters)" line="23">
<kw name="Given Validate API Response for CEP Variations" owner="ValidateCep">
<kw name="Create Sessions API" owner="ValidateCep">
<kw name="Create Session" owner="RequestsLibrary">
<msg time="2025-09-08T11:48:17.211973" level="INFO">Creating Session using : alias=api_session, url=https://viacep.com.br, headers={},                     cookies={}, auth=None, timeout=None, proxies=None, verify=False,                     debug=0 </msg>
<arg>api_session</arg>
<arg>${base_url}</arg>
<doc>Create Session: create a HTTP session to a server</doc>
<status status="PASS" start="2025-09-08T11:48:17.211338" elapsed="0.001410"/>
</kw>
<kw name="Log" owner="BuiltIn">
<msg time="2025-09-08T11:48:17.214018" level="INFO">Sessao criada com sucesso.</msg>
<arg>Sessao criada com sucesso.</arg>
<doc>Logs the given message with the given level.</doc>
<status status="PASS" start="2025-09-08T11:48:17.213377" elapsed="0.000938"/>
</kw>
<arg>${BASE_URL}</arg>
<doc>Criar a sessao para a API</doc>
<status status="PASS" start="2025-09-08T11:48:17.210410" elapsed="0.004111"/>
</kw>
<kw name="Run Keyword And Ignore Error" owner="BuiltIn">
<kw name="GET On Session" owner="RequestsLibrary">
<msg time="2025-09-08T11:48:17.850243" level="INFO">GET Request : url=https://viacep.com.br/ws/12A45B78/json/ 
 path_url=/ws/12A45B78/json/ 
 headers={'User-Agent': 'python-requests/2.32.3', 'Accept-Encoding': 'gzip, deflate, zstd', 'Accept': '*/*', 'Connection': 'keep-alive'} 
 body=None 
 </msg>
<msg time="2025-09-08T11:48:17.851059" level="INFO">GET Response : url=https://viacep.com.br/ws/12A45B78/json/ 
 status=400, reason=Bad Request 
 headers={'Server': 'nginx/1.22.0', 'Date': 'Mon, 08 Sep 2025 14:48:18 GMT', 'Content-Type': 'text/html; charset=utf-8', 'Content-Length': '494', 'Connection': 'close', 'ETag': '"6242f812-1ee"', 'Strict-Transport-Security': 'max-age=63072000'} 
 body=&lt;!DOCTYPE HTML&gt;
&lt;html lang="pt-br"&gt;

&lt;head&gt;
  &lt;title&gt;ViaCEP 400&lt;/title&gt;
  &lt;meta charset="utf-8" /&gt;
  &lt;style type="text/css"&gt;
      h1 {
          color: #555;
          text-align: center;
          font-size: 4em;
      }
      h2, h3 {
          color: #666;
          text-align: center;
          font-size: 3em;
      }
      h3 {
          font-size: 1.5em;
      }
  &lt;/style&gt;
&lt;/head&gt;

&lt;body&gt;
    &lt;h1&gt;Http 400&lt;/h1&gt;
    &lt;h3&gt;Verifique a URL&lt;/h3&gt;
    &lt;h3&gt;{Bad Request}&lt;/h3&gt;
&lt;/body&gt;

&lt;/html&gt;
 
 </msg>
<msg time="2025-09-08T11:48:17.851621" level="INFO">C:\Python\Lib\site-packages\urllib3\connectionpool.py:1097: InsecureRequestWarning: Unverified HTTPS request is being made to host 'viacep.com.br'. Adding certificate verification is strongly advised. See: https://urllib3.readthedocs.io/en/latest/advanced-usage.html#tls-warnings
  warnings.warn(</msg>
<msg time="2025-09-08T11:48:17.854416" level="FAIL">HTTPError: 400 Client Error: Bad Request for url: https://viacep.com.br/ws/12A45B78/json/</msg>
<arg>api_session</arg>
<arg>/ws/${invalid_cep}/json/</arg>
<doc>Sends a GET request on a previously created HTTP Session.</doc>
<status status="FAIL" start="2025-09-08T11:48:17.215426" elapsed="0.657416">HTTPError: 400 Client Error: Bad Request for url: https://viacep.com.br/ws/12A45B78/json/</status>
</kw>
<msg time="2025-09-08T11:48:17.873512" level="INFO">${response} = ('FAIL', 'HTTPError: 400 Client Error: Bad Request for url: https://viacep.com.br/ws/12A45B78/json/')</msg>
<var>${response}</var>
<arg>Get On Session</arg>
<arg>api_session</arg>
<arg>/ws/${invalid_cep}/json/</arg>
<doc>Runs the given keyword with the given arguments and ignores possible error.</doc>
<status status="PASS" start="2025-09-08T11:48:17.214777" elapsed="0.659269"/>
</kw>
<kw name="Log" owner="BuiltIn">
<msg time="2025-09-08T11:48:17.875229" level="INFO">Status code: 404 FAIL</msg>
<arg>Status code: 404 ${response}[0]</arg>
<doc>Logs the given message with the given level.</doc>
<status status="PASS" start="2025-09-08T11:48:17.874454" elapsed="0.001213"/>
</kw>
<kw name="Log" owner="BuiltIn">
<msg time="2025-09-08T11:48:17.876623" level="INFO">Resposta: HTTPError: 400 Client Error: Bad Request for url: https://viacep.com.br/ws/12A45B78/json/</msg>
<arg>Resposta: ${response}[1]</arg>
<doc>Logs the given message with the given level.</doc>
<status status="PASS" start="2025-09-08T11:48:17.875971" elapsed="0.001080"/>
</kw>
<kw name="Run Keyword If" owner="BuiltIn">
<kw name="Log" owner="BuiltIn">
<msg time="2025-09-08T11:48:17.878724" level="WARN">CEP inválido ou caracteres especiais: 12A45B78</msg>
<arg>CEP inválido ou caracteres especiais: ${invalid_cep}</arg>
<arg>WARN</arg>
<doc>Logs the given message with the given level.</doc>
<status status="PASS" start="2025-09-08T11:48:17.878120" elapsed="0.017716"/>
</kw>
<arg>'${response}[0]'=='FAIL'</arg>
<arg>Log</arg>
<arg>CEP inválido ou caracteres especiais: ${invalid_cep}</arg>
<arg>WARN</arg>
<doc>Runs the given keyword with the given arguments, if ``condition`` is true.</doc>
<status status="PASS" start="2025-09-08T11:48:17.877356" elapsed="0.018788"/>
</kw>
<kw name="Run Keyword If" owner="BuiltIn">
<arg>'${response}[0]'=='SUCCESS'</arg>
<arg>Log</arg>
<arg>CEP válido mas nao encontrado: ${invalid_cep}</arg>
<doc>Runs the given keyword with the given arguments, if ``condition`` is true.</doc>
<status status="PASS" start="2025-09-08T11:48:17.896483" elapsed="0.000862"/>
</kw>
<kw name="Return From Keyword" owner="BuiltIn">
<msg time="2025-09-08T11:48:17.898460" level="INFO">Returning from the enclosing user keyword.</msg>
<arg>${response}</arg>
<doc>Returns from the enclosing user keyword.</doc>
<status status="PASS" start="2025-09-08T11:48:17.897870" elapsed="0.000960"/>
</kw>
<msg time="2025-09-08T11:48:17.899143" level="INFO">${response} = ('FAIL', 'HTTPError: 400 Client Error: Bad Request for url: https://viacep.com.br/ws/12A45B78/json/')</msg>
<var>${response}</var>
<arg>${INVALID_CEP_LETTERS}</arg>
<doc>Validar a resposta da API para variações de CEP inválidos.</doc>
<status status="PASS" start="2025-09-08T11:48:17.207816" elapsed="0.691712"/>
</kw>
<kw name="Then Validate If Cep Is Invalid" owner="ValidateCep">
<kw name="Should Match Regexp" owner="BuiltIn">
<arg>${response}[1]</arg>
<arg>HTTPError: 400 Client Error: Bad Request for url.*</arg>
<doc>Fails if ``string`` does not match ``pattern`` as a regular expression.</doc>
<status status="PASS" start="2025-09-08T11:48:17.908211" elapsed="0.000809"/>
</kw>
<kw name="Log" owner="BuiltIn">
<msg time="2025-09-08T11:48:17.910010" level="INFO">CEP em formato inválido.</msg>
<arg>CEP em formato inválido.</arg>
<doc>Logs the given message with the given level.</doc>
<status status="PASS" start="2025-09-08T11:48:17.909332" elapsed="0.001104"/>
</kw>
<arg>${response}</arg>
<doc>Validar se o CEP é inválido.</doc>
<status status="PASS" start="2025-09-08T11:48:17.904712" elapsed="0.005952"/>
</kw>
<doc>Teste para buscar um CEP inválido com letras e validar a resposta da API.</doc>
<status status="PASS" start="2025-09-08T11:48:17.200726" elapsed="0.714268"/>
</test>
<test id="s1-s1-s1-s1-t5" name="CN05 - Search CEP With an Invalid CEP (Less Than 8 Digits)" line="28">
<kw name="Given Validate API Response for CEP Variations" owner="ValidateCep">
<kw name="Create Sessions API" owner="ValidateCep">
<kw name="Create Session" owner="RequestsLibrary">
<msg time="2025-09-08T11:48:17.963168" level="INFO">Creating Session using : alias=api_session, url=https://viacep.com.br, headers={},                     cookies={}, auth=None, timeout=None, proxies=None, verify=False,                     debug=0 </msg>
<arg>api_session</arg>
<arg>${base_url}</arg>
<doc>Create Session: create a HTTP session to a server</doc>
<status status="PASS" start="2025-09-08T11:48:17.961488" elapsed="0.002487"/>
</kw>
<kw name="Log" owner="BuiltIn">
<msg time="2025-09-08T11:48:17.965082" level="INFO">Sessao criada com sucesso.</msg>
<arg>Sessao criada com sucesso.</arg>
<doc>Logs the given message with the given level.</doc>
<status status="PASS" start="2025-09-08T11:48:17.964376" elapsed="0.001150"/>
</kw>
<arg>${BASE_URL}</arg>
<doc>Criar a sessao para a API</doc>
<status status="PASS" start="2025-09-08T11:48:17.960402" elapsed="0.005354"/>
</kw>
<kw name="Run Keyword And Ignore Error" owner="BuiltIn">
<kw name="GET On Session" owner="RequestsLibrary">
<msg time="2025-09-08T11:48:18.538341" level="INFO">GET Request : url=https://viacep.com.br/ws/1234567/json/ 
 path_url=/ws/1234567/json/ 
 headers={'User-Agent': 'python-requests/2.32.3', 'Accept-Encoding': 'gzip, deflate, zstd', 'Accept': '*/*', 'Connection': 'keep-alive'} 
 body=None 
 </msg>
<msg time="2025-09-08T11:48:18.539620" level="INFO">GET Response : url=https://viacep.com.br/ws/1234567/json/ 
 status=400, reason=Bad Request 
 headers={'Server': 'nginx/1.22.0', 'Date': 'Mon, 08 Sep 2025 14:48:18 GMT', 'Content-Type': 'text/html; charset=utf-8', 'Content-Length': '494', 'Connection': 'close', 'ETag': '"6242f812-1ee"', 'Strict-Transport-Security': 'max-age=63072000'} 
 body=&lt;!DOCTYPE HTML&gt;
&lt;html lang="pt-br"&gt;

&lt;head&gt;
  &lt;title&gt;ViaCEP 400&lt;/title&gt;
  &lt;meta charset="utf-8" /&gt;
  &lt;style type="text/css"&gt;
      h1 {
          color: #555;
          text-align: center;
          font-size: 4em;
      }
      h2, h3 {
          color: #666;
          text-align: center;
          font-size: 3em;
      }
      h3 {
          font-size: 1.5em;
      }
  &lt;/style&gt;
&lt;/head&gt;

&lt;body&gt;
    &lt;h1&gt;Http 400&lt;/h1&gt;
    &lt;h3&gt;Verifique a URL&lt;/h3&gt;
    &lt;h3&gt;{Bad Request}&lt;/h3&gt;
&lt;/body&gt;

&lt;/html&gt;
 
 </msg>
<msg time="2025-09-08T11:48:18.540760" level="INFO">C:\Python\Lib\site-packages\urllib3\connectionpool.py:1097: InsecureRequestWarning: Unverified HTTPS request is being made to host 'viacep.com.br'. Adding certificate verification is strongly advised. See: https://urllib3.readthedocs.io/en/latest/advanced-usage.html#tls-warnings
  warnings.warn(</msg>
<msg time="2025-09-08T11:48:18.560051" level="FAIL">HTTPError: 400 Client Error: Bad Request for url: https://viacep.com.br/ws/1234567/json/</msg>
<arg>api_session</arg>
<arg>/ws/${invalid_cep}/json/</arg>
<doc>Sends a GET request on a previously created HTTP Session.</doc>
<status status="FAIL" start="2025-09-08T11:48:17.967333" elapsed="0.602230">HTTPError: 400 Client Error: Bad Request for url: https://viacep.com.br/ws/1234567/json/</status>
</kw>
<msg time="2025-09-08T11:48:18.570103" level="INFO">${response} = ('FAIL', 'HTTPError: 400 Client Error: Bad Request for url: https://viacep.com.br/ws/1234567/json/')</msg>
<var>${response}</var>
<arg>Get On Session</arg>
<arg>api_session</arg>
<arg>/ws/${invalid_cep}/json/</arg>
<doc>Runs the given keyword with the given arguments and ignores possible error.</doc>
<status status="PASS" start="2025-09-08T11:48:17.966421" elapsed="0.604068"/>
</kw>
<kw name="Log" owner="BuiltIn">
<msg time="2025-09-08T11:48:18.571756" level="INFO">Status code: 404 FAIL</msg>
<arg>Status code: 404 ${response}[0]</arg>
<doc>Logs the given message with the given level.</doc>
<status status="PASS" start="2025-09-08T11:48:18.570924" elapsed="0.001282"/>
</kw>
<kw name="Log" owner="BuiltIn">
<msg time="2025-09-08T11:48:18.573848" level="INFO">Resposta: HTTPError: 400 Client Error: Bad Request for url: https://viacep.com.br/ws/1234567/json/</msg>
<arg>Resposta: ${response}[1]</arg>
<doc>Logs the given message with the given level.</doc>
<status status="PASS" start="2025-09-08T11:48:18.573053" elapsed="0.001121"/>
</kw>
<kw name="Run Keyword If" owner="BuiltIn">
<kw name="Log" owner="BuiltIn">
<msg time="2025-09-08T11:48:18.576420" level="WARN">CEP inválido ou caracteres especiais: 1234567</msg>
<arg>CEP inválido ou caracteres especiais: ${invalid_cep}</arg>
<arg>WARN</arg>
<doc>Logs the given message with the given level.</doc>
<status status="PASS" start="2025-09-08T11:48:18.575458" elapsed="0.174475"/>
</kw>
<arg>'${response}[0]'=='FAIL'</arg>
<arg>Log</arg>
<arg>CEP inválido ou caracteres especiais: ${invalid_cep}</arg>
<arg>WARN</arg>
<doc>Runs the given keyword with the given arguments, if ``condition`` is true.</doc>
<status status="PASS" start="2025-09-08T11:48:18.574514" elapsed="0.175980"/>
</kw>
<kw name="Run Keyword If" owner="BuiltIn">
<arg>'${response}[0]'=='SUCCESS'</arg>
<arg>Log</arg>
<arg>CEP válido mas nao encontrado: ${invalid_cep}</arg>
<doc>Runs the given keyword with the given arguments, if ``condition`` is true.</doc>
<status status="PASS" start="2025-09-08T11:48:18.750903" elapsed="0.000847"/>
</kw>
<kw name="Return From Keyword" owner="BuiltIn">
<msg time="2025-09-08T11:48:18.753103" level="INFO">Returning from the enclosing user keyword.</msg>
<arg>${response}</arg>
<doc>Returns from the enclosing user keyword.</doc>
<status status="PASS" start="2025-09-08T11:48:18.752081" elapsed="0.001714"/>
</kw>
<msg time="2025-09-08T11:48:18.754240" level="INFO">${response} = ('FAIL', 'HTTPError: 400 Client Error: Bad Request for url: https://viacep.com.br/ws/1234567/json/')</msg>
<var>${response}</var>
<arg>${INVALID_CEP_LESS_THAN_8}</arg>
<doc>Validar a resposta da API para variações de CEP inválidos.</doc>
<status status="PASS" start="2025-09-08T11:48:17.957455" elapsed="0.797048"/>
</kw>
<kw name="Then Validate If Cep Is Invalid" owner="ValidateCep">
<kw name="Should Match Regexp" owner="BuiltIn">
<arg>${response}[1]</arg>
<arg>HTTPError: 400 Client Error: Bad Request for url.*</arg>
<doc>Fails if ``string`` does not match ``pattern`` as a regular expression.</doc>
<status status="PASS" start="2025-09-08T11:48:18.808054" elapsed="0.000855"/>
</kw>
<kw name="Log" owner="BuiltIn">
<msg time="2025-09-08T11:48:18.809747" level="INFO">CEP em formato inválido.</msg>
<arg>CEP em formato inválido.</arg>
<doc>Logs the given message with the given level.</doc>
<status status="PASS" start="2025-09-08T11:48:18.809228" elapsed="0.000911"/>
</kw>
<arg>${response}</arg>
<doc>Validar se o CEP é inválido.</doc>
<status status="PASS" start="2025-09-08T11:48:18.803137" elapsed="0.007194"/>
</kw>
<doc>Teste para buscar um CEP inválido com menos de 8 dígitos e validar a resposta da API.</doc>
<status status="PASS" start="2025-09-08T11:48:17.950849" elapsed="0.867185"/>
</test>
<test id="s1-s1-s1-s1-t6" name="CN06 - Search CEP With an Invalid CEP (More Than 8 Digits)" line="33">
<kw name="Given Validate API Response for CEP Variations" owner="ValidateCep">
<kw name="Create Sessions API" owner="ValidateCep">
<kw name="Create Session" owner="RequestsLibrary">
<msg time="2025-09-08T11:48:18.865989" level="INFO">Creating Session using : alias=api_session, url=https://viacep.com.br, headers={},                     cookies={}, auth=None, timeout=None, proxies=None, verify=False,                     debug=0 </msg>
<arg>api_session</arg>
<arg>${base_url}</arg>
<doc>Create Session: create a HTTP session to a server</doc>
<status status="PASS" start="2025-09-08T11:48:18.865169" elapsed="0.001642"/>
</kw>
<kw name="Log" owner="BuiltIn">
<msg time="2025-09-08T11:48:18.868015" level="INFO">Sessao criada com sucesso.</msg>
<arg>Sessao criada com sucesso.</arg>
<doc>Logs the given message with the given level.</doc>
<status status="PASS" start="2025-09-08T11:48:18.867149" elapsed="0.001327"/>
</kw>
<arg>${BASE_URL}</arg>
<doc>Criar a sessao para a API</doc>
<status status="PASS" start="2025-09-08T11:48:18.863959" elapsed="0.004772"/>
</kw>
<kw name="Run Keyword And Ignore Error" owner="BuiltIn">
<kw name="GET On Session" owner="RequestsLibrary">
<msg time="2025-09-08T11:48:20.539613" level="INFO">GET Request : url=https://viacep.com.br/ws/123456789/json/ 
 path_url=/ws/123456789/json/ 
 headers={'User-Agent': 'python-requests/2.32.3', 'Accept-Encoding': 'gzip, deflate, zstd', 'Accept': '*/*', 'Connection': 'keep-alive'} 
 body=None 
 </msg>
<msg time="2025-09-08T11:48:20.540407" level="INFO">GET Response : url=https://viacep.com.br/ws/123456789/json/ 
 status=400, reason=Bad Request 
 headers={'Server': 'nginx/1.22.0', 'Date': 'Mon, 08 Sep 2025 14:48:20 GMT', 'Content-Type': 'text/html; charset=utf-8', 'Content-Length': '494', 'Connection': 'close', 'ETag': '"6242f812-1ee"', 'Strict-Transport-Security': 'max-age=63072000'} 
 body=&lt;!DOCTYPE HTML&gt;
&lt;html lang="pt-br"&gt;

&lt;head&gt;
  &lt;title&gt;ViaCEP 400&lt;/title&gt;
  &lt;meta charset="utf-8" /&gt;
  &lt;style type="text/css"&gt;
      h1 {
          color: #555;
          text-align: center;
          font-size: 4em;
      }
      h2, h3 {
          color: #666;
          text-align: center;
          font-size: 3em;
      }
      h3 {
          font-size: 1.5em;
      }
  &lt;/style&gt;
&lt;/head&gt;

&lt;body&gt;
    &lt;h1&gt;Http 400&lt;/h1&gt;
    &lt;h3&gt;Verifique a URL&lt;/h3&gt;
    &lt;h3&gt;{Bad Request}&lt;/h3&gt;
&lt;/body&gt;

&lt;/html&gt;
 
 </msg>
<msg time="2025-09-08T11:48:20.543141" level="INFO">C:\Python\Lib\site-packages\urllib3\connectionpool.py:1097: InsecureRequestWarning: Unverified HTTPS request is being made to host 'viacep.com.br'. Adding certificate verification is strongly advised. See: https://urllib3.readthedocs.io/en/latest/advanced-usage.html#tls-warnings
  warnings.warn(</msg>
<msg time="2025-09-08T11:48:20.565591" level="FAIL">HTTPError: 400 Client Error: Bad Request for url: https://viacep.com.br/ws/123456789/json/</msg>
<arg>api_session</arg>
<arg>/ws/${invalid_cep}/json/</arg>
<doc>Sends a GET request on a previously created HTTP Session.</doc>
<status status="FAIL" start="2025-09-08T11:48:18.869747" elapsed="1.706577">HTTPError: 400 Client Error: Bad Request for url: https://viacep.com.br/ws/123456789/json/</status>
</kw>
<msg time="2025-09-08T11:48:20.576944" level="INFO">${response} = ('FAIL', 'HTTPError: 400 Client Error: Bad Request for url: https://viacep.com.br/ws/123456789/json/')</msg>
<var>${response}</var>
<arg>Get On Session</arg>
<arg>api_session</arg>
<arg>/ws/${invalid_cep}/json/</arg>
<doc>Runs the given keyword with the given arguments and ignores possible error.</doc>
<status status="PASS" start="2025-09-08T11:48:18.869052" elapsed="1.708274"/>
</kw>
<kw name="Log" owner="BuiltIn">
<msg time="2025-09-08T11:48:20.578715" level="INFO">Status code: 404 FAIL</msg>
<arg>Status code: 404 ${response}[0]</arg>
<doc>Logs the given message with the given level.</doc>
<status status="PASS" start="2025-09-08T11:48:20.577809" elapsed="0.001426"/>
</kw>
<kw name="Log" owner="BuiltIn">
<msg time="2025-09-08T11:48:20.580576" level="INFO">Resposta: HTTPError: 400 Client Error: Bad Request for url: https://viacep.com.br/ws/123456789/json/</msg>
<arg>Resposta: ${response}[1]</arg>
<doc>Logs the given message with the given level.</doc>
<status status="PASS" start="2025-09-08T11:48:20.579662" elapsed="0.001502"/>
</kw>
<kw name="Run Keyword If" owner="BuiltIn">
<kw name="Log" owner="BuiltIn">
<msg time="2025-09-08T11:48:20.583897" level="WARN">CEP inválido ou caracteres especiais: 123456789</msg>
<arg>CEP inválido ou caracteres especiais: ${invalid_cep}</arg>
<arg>WARN</arg>
<doc>Logs the given message with the given level.</doc>
<status status="PASS" start="2025-09-08T11:48:20.582891" elapsed="0.122419"/>
</kw>
<arg>'${response}[0]'=='FAIL'</arg>
<arg>Log</arg>
<arg>CEP inválido ou caracteres especiais: ${invalid_cep}</arg>
<arg>WARN</arg>
<doc>Runs the given keyword with the given arguments, if ``condition`` is true.</doc>
<status status="PASS" start="2025-09-08T11:48:20.581699" elapsed="0.124175"/>
</kw>
<kw name="Run Keyword If" owner="BuiltIn">
<arg>'${response}[0]'=='SUCCESS'</arg>
<arg>Log</arg>
<arg>CEP válido mas nao encontrado: ${invalid_cep}</arg>
<doc>Runs the given keyword with the given arguments, if ``condition`` is true.</doc>
<status status="PASS" start="2025-09-08T11:48:20.710264" elapsed="0.001148"/>
</kw>
<kw name="Return From Keyword" owner="BuiltIn">
<msg time="2025-09-08T11:48:20.712387" level="INFO">Returning from the enclosing user keyword.</msg>
<arg>${response}</arg>
<doc>Returns from the enclosing user keyword.</doc>
<status status="PASS" start="2025-09-08T11:48:20.711809" elapsed="0.001307"/>
</kw>
<msg time="2025-09-08T11:48:20.713577" level="INFO">${response} = ('FAIL', 'HTTPError: 400 Client Error: Bad Request for url: https://viacep.com.br/ws/123456789/json/')</msg>
<var>${response}</var>
<arg>${INVALID_CEP_MORE_THAN_8}</arg>
<doc>Validar a resposta da API para variações de CEP inválidos.</doc>
<status status="PASS" start="2025-09-08T11:48:18.857024" elapsed="1.856923"/>
</kw>
<kw name="Then Validate If Cep Is Invalid" owner="ValidateCep">
<kw name="Should Match Regexp" owner="BuiltIn">
<arg>${response}[1]</arg>
<arg>HTTPError: 400 Client Error: Bad Request for url.*</arg>
<doc>Fails if ``string`` does not match ``pattern`` as a regular expression.</doc>
<status status="PASS" start="2025-09-08T11:48:20.730183" elapsed="0.000981"/>
</kw>
<kw name="Log" owner="BuiltIn">
<msg time="2025-09-08T11:48:20.732241" level="INFO">CEP em formato inválido.</msg>
<arg>CEP em formato inválido.</arg>
<doc>Logs the given message with the given level.</doc>
<status status="PASS" start="2025-09-08T11:48:20.731569" elapsed="0.001339"/>
</kw>
<arg>${response}</arg>
<doc>Validar se o CEP é inválido.</doc>
<status status="PASS" start="2025-09-08T11:48:20.725221" elapsed="0.008139"/>
</kw>
<doc>Teste para buscar um CEP inválido com mais de 8 dígitos e validar a resposta da API.</doc>
<status status="PASS" start="2025-09-08T11:48:18.849557" elapsed="1.893880"/>
</test>
<test id="s1-s1-s1-s1-t7" name="CN07 - Search CEP With a Non-Existent CEP" line="38">
<kw name="Given Validate API Response for CEP Variations" owner="ValidateCep">
<kw name="Create Sessions API" owner="ValidateCep">
<kw name="Create Session" owner="RequestsLibrary">
<msg time="2025-09-08T11:48:21.200106" level="INFO">Creating Session using : alias=api_session, url=https://viacep.com.br, headers={},                     cookies={}, auth=None, timeout=None, proxies=None, verify=False,                     debug=0 </msg>
<arg>api_session</arg>
<arg>${base_url}</arg>
<doc>Create Session: create a HTTP session to a server</doc>
<status status="PASS" start="2025-09-08T11:48:21.199337" elapsed="0.001390"/>
</kw>
<kw name="Log" owner="BuiltIn">
<msg time="2025-09-08T11:48:21.201772" level="INFO">Sessao criada com sucesso.</msg>
<arg>Sessao criada com sucesso.</arg>
<doc>Logs the given message with the given level.</doc>
<status status="PASS" start="2025-09-08T11:48:21.201083" elapsed="0.001045"/>
</kw>
<arg>${BASE_URL}</arg>
<doc>Criar a sessao para a API</doc>
<status status="PASS" start="2025-09-08T11:48:21.198184" elapsed="0.004165"/>
</kw>
<kw name="Run Keyword And Ignore Error" owner="BuiltIn">
<kw name="GET On Session" owner="RequestsLibrary">
<msg time="2025-09-08T11:48:22.097868" level="INFO">GET Request : url=https://viacep.com.br/ws/52120430/json/ 
 path_url=/ws/52120430/json/ 
 headers={'User-Agent': 'python-requests/2.32.3', 'Accept-Encoding': 'gzip, deflate, zstd', 'Accept': '*/*', 'Connection': 'keep-alive'} 
 body=None 
 </msg>
<msg time="2025-09-08T11:48:22.098895" level="INFO">GET Response : url=https://viacep.com.br/ws/52120430/json/ 
 status=200, reason=OK 
 headers={'Server': 'nginx/1.22.0', 'Date': 'Mon, 08 Sep 2025 14:48:22 GMT', 'Content-Type': 'application/json; charset=utf-8', 'Transfer-Encoding': 'chunked', 'Connection': 'keep-alive', 'Expires': 'Mon, 08 Sep 2025 15:48:22 GMT', 'Cache-Control': 'max-age=3600, public', 'Pragma': 'public', 'Access-Control-Allow-Origin': '*', 'Access-Control-Allow-Methods': 'GET', 'Access-Control-Allow-Headers': 'Content-Type, X-Request-With, X-Requested-By', 'Access-Control-Allow-Credentials': 'true', 'Access-Control-Max-Age': '86400'} 
 body={
  "cep": "52120-430",
  "logradouro": "Rua Major Guilherme Bonifácio",
  "complemento": "",
  "unidade": "",
  "bairro": "Água Fria",
  "localidade": "Recife",
  "uf": "PE",
  "estado": "Pernambuco",
  "regiao": "Nordeste",
  "ibge": "2611606",
  "gia": "",
  "ddd": "81",
  "siafi": "2531"
} 
 </msg>
<msg time="2025-09-08T11:48:22.099354" level="INFO">C:\Python\Lib\site-packages\urllib3\connectionpool.py:1097: InsecureRequestWarning: Unverified HTTPS request is being made to host 'viacep.com.br'. Adding certificate verification is strongly advised. See: https://urllib3.readthedocs.io/en/latest/advanced-usage.html#tls-warnings
  warnings.warn(</msg>
<arg>api_session</arg>
<arg>/ws/${invalid_cep}/json/</arg>
<doc>Sends a GET request on a previously created HTTP Session.</doc>
<status status="PASS" start="2025-09-08T11:48:21.203276" elapsed="0.941878"/>
</kw>
<msg time="2025-09-08T11:48:22.145572" level="INFO">${response} = ('PASS', &lt;Response [200]&gt;)</msg>
<var>${response}</var>
<arg>Get On Session</arg>
<arg>api_session</arg>
<arg>/ws/${invalid_cep}/json/</arg>
<doc>Runs the given keyword with the given arguments and ignores possible error.</doc>
<status status="PASS" start="2025-09-08T11:48:21.202603" elapsed="0.943302"/>
</kw>
<kw name="Log" owner="BuiltIn">
<msg time="2025-09-08T11:48:22.147053" level="INFO">Status code: 404 PASS</msg>
<arg>Status code: 404 ${response}[0]</arg>
<doc>Logs the given message with the given level.</doc>
<status status="PASS" start="2025-09-08T11:48:22.146256" elapsed="0.001199"/>
</kw>
<kw name="Log" owner="BuiltIn">
<msg time="2025-09-08T11:48:22.148707" level="INFO">Resposta: &lt;Response [200]&gt;</msg>
<arg>Resposta: ${response}[1]</arg>
<doc>Logs the given message with the given level.</doc>
<status status="PASS" start="2025-09-08T11:48:22.147823" elapsed="0.001294"/>
</kw>
<kw name="Run Keyword If" owner="BuiltIn">
<arg>'${response}[0]'=='FAIL'</arg>
<arg>Log</arg>
<arg>CEP inválido ou caracteres especiais: ${invalid_cep}</arg>
<arg>WARN</arg>
<doc>Runs the given keyword with the given arguments, if ``condition`` is true.</doc>
<status status="PASS" start="2025-09-08T11:48:22.149445" elapsed="0.000792"/>
</kw>
<kw name="Run Keyword If" owner="BuiltIn">
<arg>'${response}[0]'=='SUCCESS'</arg>
<arg>Log</arg>
<arg>CEP válido mas nao encontrado: ${invalid_cep}</arg>
<doc>Runs the given keyword with the given arguments, if ``condition`` is true.</doc>
<status status="PASS" start="2025-09-08T11:48:22.150682" elapsed="0.000692"/>
</kw>
<kw name="Return From Keyword" owner="BuiltIn">
<msg time="2025-09-08T11:48:22.152187" level="INFO">Returning from the enclosing user keyword.</msg>
<arg>${response}</arg>
<doc>Returns from the enclosing user keyword.</doc>
<status status="PASS" start="2025-09-08T11:48:22.151685" elapsed="0.001074"/>
</kw>
<msg time="2025-09-08T11:48:22.153391" level="INFO">${response} = ('PASS', &lt;Response [200]&gt;)</msg>
<var>${response}</var>
<arg>${NON_EXISTENT_CEP}</arg>
<doc>Validar a resposta da API para variações de CEP inválidos.</doc>
<status status="PASS" start="2025-09-08T11:48:21.194769" elapsed="0.958918"/>
</kw>
<kw name="When Validate Response Status Code" owner="ValidateCep">
<kw name="Should Be Equal As Integers" owner="BuiltIn">
<msg time="2025-09-08T11:48:22.287965" level="FAIL">Resolving variable '${response.status_code}' failed: AttributeError: 'tuple' object has no attribute 'status_code'</msg>
<arg>${response.status_code}</arg>
<arg>${expected_status_code}</arg>
<doc>Fails if objects are unequal after converting them to integers.</doc>
<status status="FAIL" start="2025-09-08T11:48:22.286770" elapsed="0.008661">Resolving variable '${response.status_code}' failed: AttributeError: 'tuple' object has no attribute 'status_code'</status>
</kw>
<arg>${response}</arg>
<arg>200</arg>
<doc>Validar o status code da resposta da API.</doc>
<status status="FAIL" start="2025-09-08T11:48:22.283940" elapsed="0.011934">Resolving variable '${response.status_code}' failed: AttributeError: 'tuple' object has no attribute 'status_code'</status>
</kw>
<doc>Teste para buscar um CEP inexistente e validar a resposta da API.</doc>
<status status="FAIL" start="2025-09-08T11:48:20.886040" elapsed="1.530310">Resolving variable '${response.status_code}' failed: AttributeError: 'tuple' object has no attribute 'status_code'</status>
</test>
<doc>Suite de testes para a API de validação de CEP</doc>
<status status="FAIL" start="2025-09-08T11:48:08.033496" elapsed="14.942537"/>
</suite>
<status status="FAIL" start="2025-09-08T11:48:08.005088" elapsed="15.209255"/>
</suite>
<status status="FAIL" start="2025-09-08T11:48:07.994127" elapsed="15.355693"/>
</suite>
<status status="FAIL" start="2025-09-08T11:48:07.513833" elapsed="15.850393"/>
</suite>
<statistics>
<total>
<stat pass="6" fail="1" skip="0">All Tests</stat>
</total>
<tag>
</tag>
<suite>
<stat name="Project-Robot" id="s1" pass="6" fail="1" skip="0">Project-Robot</stat>
<stat name="Tests" id="s1-s1" pass="6" fail="1" skip="0">Project-Robot.Tests</stat>
<stat name="Api" id="s1-s1-s1" pass="6" fail="1" skip="0">Project-Robot.Tests.Api</stat>
<stat name="ApiAutomation" id="s1-s1-s1-s1" pass="6" fail="1" skip="0">Project-Robot.Tests.Api.ApiAutomation</stat>
</suite>
</statistics>
<errors>
<msg time="2025-09-08T11:48:16.439617" level="WARN">CEP inválido ou caracteres especiais: 2004@002</msg>
<msg time="2025-09-08T11:48:17.131800" level="WARN">CEP inválido ou caracteres especiais: 123 45678</msg>
<msg time="2025-09-08T11:48:17.878724" level="WARN">CEP inválido ou caracteres especiais: 12A45B78</msg>
<msg time="2025-09-08T11:48:18.576420" level="WARN">CEP inválido ou caracteres especiais: 1234567</msg>
<msg time="2025-09-08T11:48:20.583897" level="WARN">CEP inválido ou caracteres especiais: 123456789</msg>
</errors>
</robot>
